<?xml version="1.0" encoding="UTF-8"?>
<coverage generated="1626824071650" clover="3.2.0">
  <project timestamp="1626824071650" name="All files">
    <metrics statements="25" coveredstatements="23" conditionals="6" coveredconditionals="5" methods="15" coveredmethods="15" elements="46" coveredelements="43" complexity="0" loc="25" ncloc="25" packages="1" files="1" classes="1"/>
    <file name="Calculator.vue" path="/home/igraciano/Testing projects/calculator-final/vue-calculator/src/components/Calculator.vue">
      <metrics statements="25" coveredstatements="23" conditionals="6" coveredconditionals="5" methods="15" coveredmethods="15"/>
      <line num="29" count="54" type="stmt"/>
      <line num="38" count="1" type="stmt"/>
      <line num="41" count="8" type="stmt"/>
      <line num="44" count="8" type="stmt"/>
      <line num="47" count="14" type="cond" truecount="1" falsecount="1"/>
      <line num="48" count="0" type="stmt"/>
      <line num="49" count="0" type="stmt"/>
      <line num="51" count="14" type="cond" truecount="2" falsecount="0"/>
      <line num="57" count="6" type="cond" truecount="2" falsecount="0"/>
      <line num="58" count="4" type="stmt"/>
      <line num="62" count="14" type="stmt"/>
      <line num="63" count="7" type="stmt"/>
      <line num="64" count="7" type="stmt"/>
      <line num="67" count="14" type="stmt"/>
      <line num="68" count="7" type="stmt"/>
      <line num="69" count="7" type="stmt"/>
      <line num="72" count="14" type="stmt"/>
      <line num="73" count="7" type="stmt"/>
      <line num="74" count="7" type="stmt"/>
      <line num="77" count="14" type="stmt"/>
      <line num="78" count="7" type="stmt"/>
      <line num="79" count="7" type="stmt"/>
      <line num="82" count="28" type="stmt"/>
      <line num="83" count="28" type="stmt"/>
      <line num="84" count="28" type="stmt"/>
    </file>
  </project>
</coverage>
