TN:
SF:/home/igraciano/Testing projects/calculator-final/vue-calculator/src/components/Calculator.vue
FN:28,(anonymous_1)
FN:37,(anonymous_2)
FN:40,(anonymous_3)
FN:43,(anonymous_4)
FN:46,(anonymous_5)
FN:56,(anonymous_6)
FN:61,(anonymous_7)
FN:62,(anonymous_8)
FN:66,(anonymous_9)
FN:67,(anonymous_10)
FN:71,(anonymous_11)
FN:72,(anonymous_12)
FN:76,(anonymous_13)
FN:77,(anonymous_14)
FN:81,(anonymous_15)
FNF:15
FNH:15
FNDA:54,(anonymous_1)
FNDA:1,(anonymous_2)
FNDA:8,(anonymous_3)
FNDA:8,(anonymous_4)
FNDA:14,(anonymous_5)
FNDA:6,(anonymous_6)
FNDA:7,(anonymous_7)
FNDA:7,(anonymous_8)
FNDA:7,(anonymous_9)
FNDA:7,(anonymous_10)
FNDA:7,(anonymous_11)
FNDA:7,(anonymous_12)
FNDA:7,(anonymous_13)
FNDA:7,(anonymous_14)
FNDA:28,(anonymous_15)
DA:29,54
DA:38,1
DA:41,8
DA:44,8
DA:47,14
DA:48,0
DA:49,0
DA:51,14
DA:57,6
DA:58,4
DA:62,14
DA:63,7
DA:64,7
DA:67,14
DA:68,7
DA:69,7
DA:72,14
DA:73,7
DA:74,7
DA:77,14
DA:78,7
DA:79,7
DA:82,28
DA:83,28
DA:84,28
LF:25
LH:23
BRDA:47,0,0,0
BRDA:47,0,1,14
BRDA:51,1,0,1
BRDA:51,1,1,13
BRDA:57,2,0,4
BRDA:57,2,1,2
BRF:6
BRH:5
end_of_record
